[2026-04-27T03:31:36.362Z] 
=== STARTING WALLET REBALANCER ===
[2026-04-27T03:31:37.645Z] Current estimated gas fee: 0.0000210773283 ETH per transaction.
[2026-04-27T03:31:38.967Z] 
=== CURRENT BALANCES ===
[2026-04-27T03:31:38.968Z] hardhat-wallet1: ETH 9999.999671200797625
[2026-04-27T03:31:38.968Z] hardhat-wallet2: ETH 9999.999650113117102
[2026-04-27T03:31:38.968Z] hardhat-wallet3: ETH 9999.999671202169303
[2026-04-27T03:31:38.968Z] total : ETH 29999.99899251608403
[2026-04-27T03:31:38.968Z] 
=== REBALANCE RESULT ===
[2026-04-27T03:31:38.969Z] hardhat-wallet1: ETH 9999.999671200797625 +0.000007028769615
[2026-04-27T03:31:38.969Z] hardhat-wallet2: ETH 9999.999650113117102 -0.000014058910908
[2026-04-27T03:31:38.969Z] hardhat-wallet3: ETH 9999.999671202169303 +0.000007030141293
[2026-04-27T03:31:38.969Z] 
=== TRANSFER PLAN ===
[2026-04-27T03:31:38.969Z] 
=== TRANSFER PLAN ===
[2026-04-27T03:31:38.969Z] 
⚠️ Dry run only. No transactions executed.
[2026-04-27T03:31:38.978Z] 
=== CURRENT BALANCES ===
[2026-04-27T03:31:38.978Z] hardhat-wallet1: ETH 9999.999671200797625
[2026-04-27T03:31:38.978Z] hardhat-wallet2: ETH 9999.999650113117102
[2026-04-27T03:31:38.978Z] hardhat-wallet3: ETH 9999.999671202169303
[2026-04-27T03:31:38.978Z] total : ETH 29999.99899251608403
[2026-04-27T03:31:38.981Z] 
=== FINAL BALANCES ===
[2026-04-27T03:31:38.981Z] hardhat-wallet1: ETH 9999.999671200797625
[2026-04-27T03:31:38.981Z] hardhat-wallet2: ETH 9999.999650113117102
[2026-04-27T03:31:38.981Z] hardhat-wallet3: ETH 9999.999671202169303
[2026-04-27T03:31:38.981Z] total : ETH 29999.99899251608403
[2026-04-27T03:31:38.981Z] 
=== REBALANCER FINISHED ===
[2026-04-27T03:35:55.110Z] 
=== STARTING WALLET REBALANCER ===
[2026-04-27T03:35:55.139Z] Current estimated gas fee: 0.0000210773283 ETH per transaction.
[2026-04-27T03:35:56.441Z] 
=== CURRENT BALANCES ===
[2026-04-27T03:35:56.441Z] hardhat-wallet1: ETH 9999.999671200797625
[2026-04-27T03:35:56.441Z] hardhat-wallet2: ETH 9999.999650113117102
[2026-04-27T03:35:56.441Z] hardhat-wallet3: ETH 9999.999671202169303
[2026-04-27T03:35:56.441Z] total : ETH 29999.99899251608403
[2026-04-27T03:35:56.441Z] 
=== REBALANCE RESULT ===
[2026-04-27T03:35:56.442Z] hardhat-wallet1: ETH 9999.999671200797625 +0.000007028769615
[2026-04-27T03:35:56.442Z] hardhat-wallet2: ETH 9999.999650113117102 -0.000014058910908
[2026-04-27T03:35:56.442Z] hardhat-wallet3: ETH 9999.999671202169303 +0.000007030141293
[2026-04-27T03:35:56.442Z] 
=== TRANSFER PLAN ===
[2026-04-27T03:35:56.442Z] 
=== TRANSFER PLAN ===
[2026-04-27T03:35:56.442Z] 
⚠️ Dry run only. No transactions executed.
[2026-04-27T03:35:56.456Z] 
=== FINAL BALANCES ===
[2026-04-27T03:35:56.456Z] hardhat-wallet1: ETH 9999.999671200797625
[2026-04-27T03:35:56.456Z] hardhat-wallet2: ETH 9999.999650113117102
[2026-04-27T03:35:56.456Z] hardhat-wallet3: ETH 9999.999671202169303
[2026-04-27T03:35:56.456Z] total : ETH 29999.99899251608403
[2026-04-27T03:35:56.456Z] 
=== REBALANCER FINISHED ===
[2026-04-27T03:37:24.173Z] 
=== STARTING WALLET REBALANCER ===
[2026-04-27T03:37:24.200Z] Current estimated gas fee: 0.0000210773283 ETH per transaction.
[2026-04-27T03:37:25.547Z] 
=== CURRENT BALANCES ===
[2026-04-27T03:37:25.547Z] hardhat-wallet1: ETH 9999.999671200797625
[2026-04-27T03:37:25.547Z] hardhat-wallet2: ETH 9999.999650113117102
[2026-04-27T03:37:25.547Z] hardhat-wallet3: ETH 9999.999671202169303
[2026-04-27T03:37:25.548Z] total : ETH 29999.99899251608403
[2026-04-27T03:37:25.548Z] 
=== REBALANCE RESULT ===
[2026-04-27T03:37:25.548Z] hardhat-wallet1: ETH 9999.999671200797625 +0.000007028769615
[2026-04-27T03:37:25.548Z] hardhat-wallet2: ETH 9999.999650113117102 -0.000014058910908
[2026-04-27T03:37:25.548Z] hardhat-wallet3: ETH 9999.999671202169303 +0.000007030141293
[2026-04-27T03:37:25.549Z] 
=== TRANSFER PLAN ===
[2026-04-27T03:37:25.549Z] 
⚠️ Dry run only. No transactions executed.
[2026-04-27T03:37:25.560Z] 
=== FINAL BALANCES ===
[2026-04-27T03:37:25.561Z] hardhat-wallet1: ETH 9999.999671200797625
[2026-04-27T03:37:25.561Z] hardhat-wallet2: ETH 9999.999650113117102
[2026-04-27T03:37:25.561Z] hardhat-wallet3: ETH 9999.999671202169303
[2026-04-27T03:37:25.561Z] total : ETH 29999.99899251608403
[2026-04-27T03:37:25.561Z] 
=== REBALANCER FINISHED ===
[2026-04-27T03:39:27.495Z] 
[1;97m=== STARTING WALLET REBALANCER ===
[2026-04-27T03:39:27.524Z] Current estimated gas fee: 0.0000210773283 ETH per transaction.
[2026-04-27T03:39:28.858Z] 
[1;97m=== CURRENT BALANCES ===
[2026-04-27T03:39:28.858Z] hardhat-wallet1 (...93BC): ETH 9999.999671200797625
[2026-04-27T03:39:28.858Z] hardhat-wallet2 (...79C8): ETH 9999.999650113117102
[2026-04-27T03:39:28.858Z] hardhat-wallet3 (...2266): ETH 9999.999671202169303
[2026-04-27T03:39:28.858Z] total : ETH 29999.99899251608403
[2026-04-27T03:39:28.859Z] 
[1;97m=== REBALANCE RESULT ===
[2026-04-27T03:39:28.859Z] hardhat-wallet1 (...93BC): ETH 9999.999671200797625 +0.000007028769615
[2026-04-27T03:39:28.859Z] hardhat-wallet2 (...79C8): ETH 9999.999650113117102 -0.000014058910908
[2026-04-27T03:39:28.859Z] hardhat-wallet3 (...2266): ETH 9999.999671202169303 +0.000007030141293
[2026-04-27T03:39:28.859Z] 
[1;97m=== TRANSFER PLAN ===
[2026-04-27T03:39:28.860Z] 
⚠️ Dry run only. No transactions executed.
[2026-04-27T03:39:28.872Z] 
[1;97m=== FINAL BALANCES ===
[2026-04-27T03:39:28.873Z] hardhat-wallet1 (...93BC): ETH 9999.999671200797625
[2026-04-27T03:39:28.873Z] hardhat-wallet2 (...79C8): ETH 9999.999650113117102
[2026-04-27T03:39:28.873Z] hardhat-wallet3 (...2266): ETH 9999.999671202169303
[2026-04-27T03:39:28.873Z] total : ETH 29999.99899251608403
[2026-04-27T03:39:28.873Z] 
[1;97m=== REBALANCER FINISHED ===
[2026-04-27T03:39:54.473Z] 
[1;97m=== STARTING WALLET REBALANCER ===
[2026-04-27T03:39:54.500Z] Current estimated gas fee: 0.0000210773283 ETH per transaction.
[2026-04-27T03:39:55.815Z] 
[1;97m=== CURRENT BALANCES ===
[2026-04-27T03:39:55.815Z] hardhat-wallet1 (...93BC): ETH 9999.999671200797625
[2026-04-27T03:39:55.816Z] hardhat-wallet2 (...79C8): ETH 9999.999650113117102
[2026-04-27T03:39:55.816Z] hardhat-wallet3 (...2266): ETH 9999.999671202169303
[2026-04-27T03:39:55.816Z] total : ETH 29999.99899251608403
[2026-04-27T03:39:55.816Z] 
[1;97m=== REBALANCE RESULT ===
[2026-04-27T03:39:55.816Z] hardhat-wallet1 (...93BC): ETH 9999.999671200797625 +0.000007028769615
[2026-04-27T03:39:55.816Z] hardhat-wallet2 (...79C8): ETH 9999.999650113117102 -0.000014058910908
[2026-04-27T03:39:55.817Z] hardhat-wallet3 (...2266): ETH 9999.999671202169303 +0.000007030141293
[2026-04-27T03:39:55.817Z] 
[1;97m=== TRANSFER PLAN ===
[2026-04-27T03:39:55.817Z] 
🚨 EXECUTION MODE ENABLED
[2026-04-27T03:39:55.830Z] 
[1;97m=== FINAL BALANCES ===
[2026-04-27T03:39:55.830Z] hardhat-wallet1 (...93BC): ETH 9999.999671200797625
[2026-04-27T03:39:55.830Z] hardhat-wallet2 (...79C8): ETH 9999.999650113117102
[2026-04-27T03:39:55.830Z] hardhat-wallet3 (...2266): ETH 9999.999671202169303
[2026-04-27T03:39:55.830Z] total : ETH 29999.99899251608403
[2026-04-27T03:39:55.830Z] 
[1;97m=== REBALANCER FINISHED ===
[2026-04-27T03:40:54.674Z] 
[1;97m=== STARTING WALLET REBALANCER ===
[2026-04-27T03:40:54.703Z] Current estimated gas fee: 0.0000210773283 ETH per transaction.
[2026-04-27T03:40:56.055Z] 
[1;97m=== CURRENT BALANCES ===
[2026-04-27T03:40:56.055Z] hardhat-wallet1 (...93BC): ETH 9999.999671200797625
[2026-04-27T03:40:56.055Z] hardhat-wallet2 (...79C8): ETH 9999.999650113117102
[2026-04-27T03:40:56.055Z] hardhat-wallet3 (...2266): ETH 9999.999671202169303
[2026-04-27T03:40:56.056Z] total : ETH 29999.99899251608403
[2026-04-27T03:40:56.056Z] 
[1;97m=== REBALANCE RESULT ===
[2026-04-27T03:40:56.056Z] hardhat-wallet1 (...93BC): ETH 9999.999671200797625 +0.000007028769615
[2026-04-27T03:40:56.056Z] hardhat-wallet2 (...79C8): ETH 9999.999650113117102 -0.000014058910908
[2026-04-27T03:40:56.056Z] hardhat-wallet3 (...2266): ETH 9999.999671202169303 +0.000007030141293
[2026-04-27T03:40:56.057Z] 
[1;97m=== TRANSFER PLAN ===
[2026-04-27T03:40:56.057Z] 
⚠️ Dry run only. No transactions executed.
[2026-04-27T03:40:56.070Z] 
[1;97m=== FINAL BALANCES ===
[2026-04-27T03:40:56.070Z] hardhat-wallet1 (...93BC): ETH 9999.999671200797625
[2026-04-27T03:40:56.070Z] hardhat-wallet2 (...79C8): ETH 9999.999650113117102
[2026-04-27T03:40:56.070Z] hardhat-wallet3 (...2266): ETH 9999.999671202169303
[2026-04-27T03:40:56.070Z] total : ETH 29999.99899251608403
[2026-04-27T03:40:56.070Z] 
[1;97m=== REBALANCER FINISHED ===
[2026-04-27T03:41:44.277Z] 
[1;97m=== STARTING WALLET REBALANCER ===
[2026-04-27T03:41:44.308Z] Current estimated gas fee: 0.0000210773283 ETH per transaction.
[2026-04-27T03:41:45.672Z] 
[1;97m=== CURRENT BALANCES ===
[2026-04-27T03:41:45.673Z] hardhat-wallet1 (...93BC): ETH 9999.999671200797625
[2026-04-27T03:41:45.673Z] hardhat-wallet2 (...79C8): ETH 9999.999650113117102
[2026-04-27T03:41:45.673Z] hardhat-wallet3 (...2266): ETH 9999.999671202169303
[2026-04-27T03:41:45.673Z] total : ETH 29999.99899251608403
[2026-04-27T03:41:45.673Z] 
[1;97m=== REBALANCE RESULT ===
[2026-04-27T03:41:45.673Z] hardhat-wallet1 (...93BC): ETH 9999.999671200797625 +0.000007028769615
[2026-04-27T03:41:45.674Z] hardhat-wallet2 (...79C8): ETH 9999.999650113117102 -0.000014058910908
[2026-04-27T03:41:45.674Z] hardhat-wallet3 (...2266): ETH 9999.999671202169303 +0.000007030141293
[2026-04-27T03:41:45.674Z] 
[1;97m=== TRANSFER PLAN ===
[2026-04-27T03:41:45.674Z] 
⚠️ Dry run only. No transactions executed.
[2026-04-27T03:41:45.686Z] 
[1;97m=== FINAL BALANCES ===
[2026-04-27T03:41:45.687Z] hardhat-wallet1 (...93BC): ETH 9999.999671200797625
[2026-04-27T03:41:45.687Z] hardhat-wallet2 (...79C8): ETH 9999.999650113117102
[2026-04-27T03:41:45.687Z] hardhat-wallet3 (...2266): ETH 9999.999671202169303
[2026-04-27T03:41:45.687Z] total : ETH 29999.99899251608403
[2026-04-27T03:41:45.687Z] 
[1;97m=== REBALANCER FINISHED ===
[2026-04-27T03:42:16.138Z] 
[1;97m=== INITIAL BALANCES ===
[2026-04-27T03:42:16.139Z] hardhat-wallet1 (...93BC): ETH 9999.999671200797625
[2026-04-27T03:42:16.139Z] hardhat-wallet2 (...79C8): ETH 9999.999650113117102
[2026-04-27T03:42:16.139Z] hardhat-wallet3 (...2266): ETH 9999.999671202169303
[2026-04-27T03:42:16.139Z] total : ETH 29999.99899251608403
[2026-04-27T03:42:16.140Z] 
=== CREATING IMBALANCE ===
[2026-04-27T03:42:16.253Z] 
[1;97m=== POST-IMBALANCE BALANCES ===
[2026-04-27T03:42:16.254Z] hardhat-wallet1 (...93BC): ETH 7499.999650123469325
[2026-04-27T03:42:16.254Z] hardhat-wallet2 (...79C8): ETH 12499.999650113117102
[2026-04-27T03:42:16.254Z] hardhat-wallet3 (...2266): ETH 9999.999671202169303
[2026-04-27T03:42:16.254Z] total : ETH 29999.99897143875573
[2026-04-27T03:42:16.255Z] 
[1;97m=== REBALANCE RESULT ===
[2026-04-27T03:42:16.255Z] hardhat-wallet1 (...93BC): ETH 7499.999650123469325 -2500.000007022782585
[2026-04-27T03:42:16.255Z] hardhat-wallet2 (...79C8): ETH 12499.999650113117102 +2499.999992966865192
[2026-04-27T03:42:16.255Z] hardhat-wallet3 (...2266): ETH 9999.999671202169303 +0.000014055917393
[2026-04-27T03:42:16.255Z] 
[1;97m=== TRANSFER PLAN ===
[2026-04-27T03:42:16.256Z] hardhat-wallet2 (...79C8) to: hardhat-wallet1 (...93BC) amount: ETH 2499.999992966865192
[2026-04-27T03:42:16.256Z] 
🚨 EXECUTION MODE ENABLED
[2026-04-27T03:42:16.257Z] 
executing: Sending 2499.999992966865192 ETH...
[2026-04-27T03:42:16.335Z] executing: Tx sent: 0x80ecc378658005d317b09db391023d9cadb9f480ce518f6a5c7400bf7cb27c7c
[2026-04-27T03:42:16.346Z] executing: ✅ Confirmed
[2026-04-27T03:42:16.358Z] 
[1;97m=== FINAL BALANCES ===
[2026-04-27T03:42:16.358Z] hardhat-wallet1 (...93BC): ETH 9999.999643090334517
[2026-04-27T03:42:16.358Z] hardhat-wallet2 (...79C8): ETH 9999.999636078582875
[2026-04-27T03:42:16.358Z] hardhat-wallet3 (...2266): ETH 9999.999671202169303
[2026-04-27T03:42:16.358Z] total : ETH 29999.998950371086695
[2026-04-27T03:42:24.485Z] 
[1;97m=== STARTING WALLET REBALANCER ===
[2026-04-27T03:42:24.544Z] Current estimated gas fee: 0.000021059216346 ETH per transaction.
[2026-04-27T03:42:25.921Z] 
[1;97m=== CURRENT BALANCES ===
[2026-04-27T03:42:25.921Z] hardhat-wallet1 (...93BC): ETH 9999.999643090334517
[2026-04-27T03:42:25.921Z] hardhat-wallet2 (...79C8): ETH 9999.999636078582875
[2026-04-27T03:42:25.921Z] hardhat-wallet3 (...2266): ETH 9999.999671202169303
[2026-04-27T03:42:25.921Z] total : ETH 29999.998950371086695
[2026-04-27T03:42:25.922Z] 
[1;97m=== REBALANCE RESULT ===
[2026-04-27T03:42:25.922Z] hardhat-wallet1 (...93BC): ETH 9999.999643090334517 -0.000007033361048
[2026-04-27T03:42:25.922Z] hardhat-wallet2 (...79C8): ETH 9999.999636078582875 -0.00001404511269
[2026-04-27T03:42:25.922Z] hardhat-wallet3 (...2266): ETH 9999.999671202169303 +0.000021078473738
[2026-04-27T03:42:25.922Z] 
[1;97m=== TRANSFER PLAN ===
[2026-04-27T03:42:25.923Z] 
🚨 EXECUTION MODE ENABLED
[2026-04-27T03:42:25.935Z] 
[1;97m=== FINAL BALANCES ===
[2026-04-27T03:42:25.935Z] hardhat-wallet1 (...93BC): ETH 9999.999643090334517
[2026-04-27T03:42:25.936Z] hardhat-wallet2 (...79C8): ETH 9999.999636078582875
[2026-04-27T03:42:25.936Z] hardhat-wallet3 (...2266): ETH 9999.999671202169303
[2026-04-27T03:42:25.936Z] total : ETH 29999.998950371086695
[2026-04-27T03:42:25.936Z] 
[1;97m=== REBALANCER FINISHED ===
[2026-04-27T03:43:38.302Z] 
[1;97m=== STARTING WALLET REBALANCER ===
[2026-04-27T03:43:38.331Z] Current estimated gas fee: 0.000021059216346 ETH per transaction.
[2026-04-27T03:43:39.701Z] 
[1;97m=== CURRENT BALANCES ===
[2026-04-27T03:43:39.701Z] hardhat-wallet1 (...93BC): ETH 9999.999643090334517
[2026-04-27T03:43:39.701Z] hardhat-wallet2 (...79C8): ETH 9999.999636078582875
[2026-04-27T03:43:39.701Z] hardhat-wallet3 (...2266): ETH 9999.999671202169303
[2026-04-27T03:43:39.701Z] total : ETH 29999.998950371086695
[2026-04-27T03:43:39.702Z] 
[1;97m=== REBALANCE RESULT ===
[2026-04-27T03:43:39.702Z] hardhat-wallet1 (...93BC): ETH 9999.999643090334517 -0.000007033361048
[2026-04-27T03:43:39.702Z] hardhat-wallet2 (...79C8): ETH 9999.999636078582875 -0.00001404511269
[2026-04-27T03:43:39.702Z] hardhat-wallet3 (...2266): ETH 9999.999671202169303 +0.000021078473738
[2026-04-27T03:43:39.702Z] 
[1;97m=== TRANSFER PLAN ===
[2026-04-27T03:43:39.702Z] 
⚠️ Dry run only. No transactions executed.
[2026-04-27T03:43:39.715Z] 
[1;97m=== FINAL BALANCES ===
[2026-04-27T03:43:39.715Z] hardhat-wallet1 (...93BC): ETH 9999.999643090334517
[2026-04-27T03:43:39.715Z] hardhat-wallet2 (...79C8): ETH 9999.999636078582875
[2026-04-27T03:43:39.715Z] hardhat-wallet3 (...2266): ETH 9999.999671202169303
[2026-04-27T03:43:39.715Z] total : ETH 29999.998950371086695
[2026-04-27T03:43:39.715Z] 
[1;97m=== REBALANCER FINISHED ===
[2026-04-27T03:43:51.520Z] 
[1;97m=== STARTING WALLET REBALANCER ===
[2026-04-27T03:43:51.549Z] Current estimated gas fee: 0.000021059216346 ETH per transaction.
[2026-04-27T03:43:52.878Z] 
[1;97m=== CURRENT BALANCES ===
[2026-04-27T03:43:52.878Z] hardhat-wallet1 (...93BC): ETH 9999.999643090334517
[2026-04-27T03:43:52.878Z] hardhat-wallet2 (...79C8): ETH 9999.999636078582875
[2026-04-27T03:43:52.878Z] hardhat-wallet3 (...2266): ETH 9999.999671202169303
[2026-04-27T03:43:52.879Z] total : ETH 29999.998950371086695
[2026-04-27T03:43:52.879Z] 
[1;97m=== REBALANCE RESULT ===
[2026-04-27T03:43:52.879Z] hardhat-wallet1 (...93BC): ETH 9999.999643090334517 -0.000007033361048
[2026-04-27T03:43:52.879Z] hardhat-wallet2 (...79C8): ETH 9999.999636078582875 -0.00001404511269
[2026-04-27T03:43:52.879Z] hardhat-wallet3 (...2266): ETH 9999.999671202169303 +0.000021078473738
[2026-04-27T03:43:52.880Z] 
[1;97m=== TRANSFER PLAN ===
[2026-04-27T03:43:52.893Z] 
[1;97m=== FINAL BALANCES ===
[2026-04-27T03:43:52.893Z] hardhat-wallet1 (...93BC): ETH 9999.999643090334517
[2026-04-27T03:43:52.893Z] hardhat-wallet2 (...79C8): ETH 9999.999636078582875
[2026-04-27T03:43:52.893Z] hardhat-wallet3 (...2266): ETH 9999.999671202169303
[2026-04-27T03:43:52.893Z] total : ETH 29999.998950371086695
[2026-04-27T03:43:52.893Z] 
[1;97m=== REBALANCER FINISHED ===
[2026-04-27T03:44:49.136Z] 
[1;97m=== STARTING WALLET REBALANCER ===
[2026-04-27T03:44:49.162Z] Current estimated gas fee: 0.000021059216346 ETH per transaction.
[2026-04-27T03:44:50.467Z] 
[1;97m=== CURRENT BALANCES ===
[2026-04-27T03:44:50.467Z] hardhat-wallet1 (...93BC): ETH 9999.999643090334517
[2026-04-27T03:44:50.467Z] hardhat-wallet2 (...79C8): ETH 9999.999636078582875
[2026-04-27T03:44:50.468Z] hardhat-wallet3 (...2266): ETH 9999.999671202169303
[2026-04-27T03:44:50.468Z] total : ETH 29999.998950371086695
[2026-04-27T03:44:50.468Z] 
[1;97m=== REBALANCE RESULT ===
[2026-04-27T03:44:50.468Z] hardhat-wallet1 (...93BC): ETH 9999.999643090334517 -0.000007033361048
[2026-04-27T03:44:50.468Z] hardhat-wallet2 (...79C8): ETH 9999.999636078582875 -0.00001404511269
[2026-04-27T03:44:50.468Z] hardhat-wallet3 (...2266): ETH 9999.999671202169303 +0.000021078473738
[2026-04-27T03:44:50.469Z] 
[1;97m=== TRANSFER PLAN ===
[2026-04-27T03:44:50.469Z] 
⚠️ Dry run only. No transactions executed.
[2026-04-27T03:44:50.481Z] 
[1;97m=== FINAL BALANCES ===
[2026-04-27T03:44:50.481Z] hardhat-wallet1 (...93BC): ETH 9999.999643090334517
[2026-04-27T03:44:50.482Z] hardhat-wallet2 (...79C8): ETH 9999.999636078582875
[2026-04-27T03:44:50.482Z] hardhat-wallet3 (...2266): ETH 9999.999671202169303
[2026-04-27T03:44:50.482Z] total : ETH 29999.998950371086695
[2026-04-27T03:44:50.482Z] 
[1;97m=== REBALANCER FINISHED ===
[2026-04-27T03:45:11.116Z] 
[1;97m=== INITIAL BALANCES ===
[2026-04-27T03:45:11.116Z] hardhat-wallet1 (...93BC): ETH 9999.999643090334517
[2026-04-27T03:45:11.117Z] hardhat-wallet2 (...79C8): ETH 9999.999636078582875
[2026-04-27T03:45:11.117Z] hardhat-wallet3 (...2266): ETH 9999.999671202169303
[2026-04-27T03:45:11.117Z] total : ETH 29999.998950371086695
[2026-04-27T03:45:11.117Z] 
=== CREATING IMBALANCE ===
[2026-04-27T03:45:11.234Z] 
[1;97m=== POST-IMBALANCE BALANCES ===
[2026-04-27T03:45:11.235Z] hardhat-wallet1 (...93BC): ETH 7499.999622031118171
[2026-04-27T03:45:11.235Z] hardhat-wallet2 (...79C8): ETH 12499.999636078582875
[2026-04-27T03:45:11.236Z] hardhat-wallet3 (...2266): ETH 9999.999671202169303
[2026-04-27T03:45:11.236Z] total : ETH 29999.998929311870349
[2026-04-27T03:45:11.237Z] 
[1;97m=== REBALANCE RESULT ===
[2026-04-27T03:45:11.237Z] hardhat-wallet1 (...93BC): ETH 7499.999622031118171 -2500.000021072838612
[2026-04-27T03:45:11.237Z] hardhat-wallet2 (...79C8): ETH 12499.999636078582875 +2499.999992974626092
[2026-04-27T03:45:11.237Z] hardhat-wallet3 (...2266): ETH 9999.999671202169303 +0.00002809821252
[2026-04-27T03:45:11.238Z] 
[1;97m=== TRANSFER PLAN ===
[2026-04-27T03:45:11.238Z] hardhat-wallet2 (...79C8) to: hardhat-wallet1 (...93BC) amount: ETH 2499.999992974626092
[2026-04-27T03:45:11.240Z] 
executing: Sending 2499.999992974626092 ETH...
[2026-04-27T03:45:11.326Z] executing: Tx sent: 0x1f155c4edd158a068472758fd26fdc3ffeaaccf4f8b968814be630c0e1c39e05
[2026-04-27T03:45:11.340Z] executing: ✅ Confirmed
[2026-04-27T03:45:11.354Z] 
[1;97m=== FINAL BALANCES ===
[2026-04-27T03:45:11.354Z] hardhat-wallet1 (...93BC): ETH 9999.999615005744263
[2026-04-27T03:45:11.354Z] hardhat-wallet2 (...79C8): ETH 9999.999622052137288
[2026-04-27T03:45:11.355Z] hardhat-wallet3 (...2266): ETH 9999.999671202169303
[2026-04-27T03:45:11.355Z] total : ETH 29999.998908260050854
[2026-04-27T03:49:46.313Z] 
[1;97m=== INITIAL BALANCES ===
[2026-04-27T03:49:46.313Z] hardhat-wallet1 (...93BC): ETH 9999.999615005744263
[2026-04-27T03:49:46.314Z] hardhat-wallet2 (...79C8): ETH 9999.999622052137288
[2026-04-27T03:49:46.314Z] hardhat-wallet3 (...2266): ETH 9999.999671202169303
[2026-04-27T03:49:46.314Z] total : ETH 29999.998908260050854
[2026-04-27T03:49:46.314Z] ========================================
[2026-04-27T03:49:46.314Z] 
=== CREATING IMBALANCE ===
[2026-04-27T03:49:46.433Z] 
[1;97m=== POST-IMBALANCE BALANCES ===
[2026-04-27T03:49:46.433Z] hardhat-wallet1 (...93BC): ETH 7499.999593960397661
[2026-04-27T03:49:46.433Z] hardhat-wallet2 (...79C8): ETH 12499.999622052137288
[2026-04-27T03:49:46.433Z] hardhat-wallet3 (...2266): ETH 9999.999671202169303
[2026-04-27T03:49:46.434Z] total : ETH 29999.998887214704252
[2026-04-27T03:49:46.434Z] ========================================
[2026-04-27T03:49:46.434Z] 
[1;97m=== REBALANCE RESULT ===
[2026-04-27T03:49:46.434Z] hardhat-wallet1 (...93BC): ETH 7499.999593960397661 -2500.000035111170423
[2026-04-27T03:49:46.434Z] hardhat-wallet2 (...79C8): ETH 12499.999622052137288 +2499.999992980569204
[2026-04-27T03:49:46.434Z] hardhat-wallet3 (...2266): ETH 9999.999671202169303 +0.000042130601219
[2026-04-27T03:49:46.434Z] ========================================
[2026-04-27T03:49:46.435Z] 
[1;97m=== TRANSFER PLAN ===
[2026-04-27T03:49:46.435Z] hardhat-wallet2 (...79C8) to: hardhat-wallet1 (...93BC) amount: ETH 2499.999992980569204
[2026-04-27T03:49:46.435Z] ========================================
[2026-04-27T03:49:46.435Z] 
[1;97m=== EXECUTION ===
[2026-04-27T03:49:46.436Z] 
executing: Sending 2499.999992980569204 ETH...
[2026-04-27T03:49:46.513Z] executing: Tx sent: 0x50ad73f333abd0be8f4346c486232a5baaa740afcdddf40bb2212b769f5e6a4c
[2026-04-27T03:49:46.526Z] executing: ✅ Confirmed
[2026-04-27T03:49:46.526Z] ========================================
[2026-04-27T03:49:46.539Z] 
[1;97m=== FINAL BALANCES ===
[2026-04-27T03:49:46.539Z] hardhat-wallet1 (...93BC): ETH 9999.999586940966865
[2026-04-27T03:49:46.539Z] hardhat-wallet2 (...79C8): ETH 9999.999608031885833
[2026-04-27T03:49:46.539Z] hardhat-wallet3 (...2266): ETH 9999.999671202169303
[2026-04-27T03:49:46.539Z] total : ETH 29999.998866175022001
[2026-04-27T03:49:46.539Z] ========================================
[2026-04-27T03:50:42.221Z] 
[1;97m=== INITIAL BALANCES ===
[2026-04-27T03:50:42.222Z] hardhat-wallet1 (...93BC): ETH 9999.999586940966865
[2026-04-27T03:50:42.222Z] hardhat-wallet2 (...79C8): ETH 9999.999608031885833
[2026-04-27T03:50:42.222Z] hardhat-wallet3 (...2266): ETH 9999.999671202169303
[2026-04-27T03:50:42.222Z] total : ETH 29999.998866175022001
[2026-04-27T03:50:42.222Z] ========================================
[2026-04-27T03:50:42.223Z] 
simulation: creating imbalance
[2026-04-27T03:50:42.327Z] 
[1;97m=== POST-IMBALANCE BALANCES ===
[2026-04-27T03:50:42.328Z] hardhat-wallet1 (...93BC): ETH 7499.999565906241412
[2026-04-27T03:50:42.328Z] hardhat-wallet2 (...79C8): ETH 12499.999608031885833
[2026-04-27T03:50:42.328Z] hardhat-wallet3 (...2266): ETH 9999.999671202169303
[2026-04-27T03:50:42.328Z] total : ETH 29999.998845140296548
[2026-04-27T03:50:42.328Z] ========================================
[2026-04-27T03:50:42.329Z] 
[1;97m=== REBALANCE RESULT ===
[2026-04-27T03:50:42.329Z] hardhat-wallet1 (...93BC): ETH 7499.999565906241412 -2500.000049140524104
[2026-04-27T03:50:42.329Z] hardhat-wallet2 (...79C8): ETH 12499.999608031885833 +2499.999992985120317
[2026-04-27T03:50:42.330Z] hardhat-wallet3 (...2266): ETH 9999.999671202169303 +0.000056155403787
[2026-04-27T03:50:42.330Z] ========================================
[2026-04-27T03:50:42.330Z] 
[1;97m=== TRANSFER PLAN ===
[2026-04-27T03:50:42.330Z] hardhat-wallet2 (...79C8) to: hardhat-wallet1 (...93BC) amount: ETH 2499.999992985120317
[2026-04-27T03:50:42.330Z] ========================================
[2026-04-27T03:50:42.330Z] 
[1;97m=== EXECUTION ===
[2026-04-27T03:50:42.332Z] 
executing: Sending 2499.999992985120317 ETH...
[2026-04-27T03:50:42.414Z] executing: Tx sent: 0x949189c7d0d3aa3402db511d19eda41a948a3000391cea97b77edf5b7341dd19
[2026-04-27T03:50:42.427Z] executing: ✅ Confirmed
[2026-04-27T03:50:42.427Z] ========================================
[2026-04-27T03:50:42.438Z] 
[1;97m=== FINAL BALANCES ===
[2026-04-27T03:50:42.439Z] hardhat-wallet1 (...93BC): ETH 9999.999558891361729
[2026-04-27T03:50:42.439Z] hardhat-wallet2 (...79C8): ETH 9999.999594016377697
[2026-04-27T03:50:42.439Z] hardhat-wallet3 (...2266): ETH 9999.999671202169303
[2026-04-27T03:50:42.439Z] total : ETH 29999.998824109908729
[2026-04-27T03:50:42.439Z] ========================================
[2026-04-27T03:51:00.084Z] 
[1;97m=== INITIAL BALANCES ===
[2026-04-27T03:51:00.085Z] hardhat-wallet1 (...93BC): ETH 9999.999558891361729
[2026-04-27T03:51:00.085Z] hardhat-wallet2 (...79C8): ETH 9999.999594016377697
[2026-04-27T03:51:00.085Z] hardhat-wallet3 (...2266): ETH 9999.999671202169303
[2026-04-27T03:51:00.085Z] total : ETH 29999.998824109908729
[2026-04-27T03:51:00.085Z] ========================================
[2026-04-27T03:51:00.086Z] 
simulation: creating imbalance
[2026-04-27T03:51:00.218Z] 
[1;97m=== POST-IMBALANCE BALANCES ===
[2026-04-27T03:51:00.218Z] hardhat-wallet1 (...93BC): ETH 7499.999537864769723
[2026-04-27T03:51:00.219Z] hardhat-wallet2 (...79C8): ETH 12499.999594016377697
[2026-04-27T03:51:00.219Z] hardhat-wallet3 (...2266): ETH 9999.999671202169303
[2026-04-27T03:51:00.220Z] total : ETH 29999.998803083316723
[2026-04-27T03:51:00.220Z] ========================================
[2026-04-27T03:51:00.220Z] 
[1;97m=== REBALANCE RESULT ===
[2026-04-27T03:51:00.221Z] hardhat-wallet1 (...93BC): ETH 7499.999537864769723 -2500.000063163002518
[2026-04-27T03:51:00.221Z] hardhat-wallet2 (...79C8): ETH 12499.999594016377697 +2499.999992988605456
[2026-04-27T03:51:00.221Z] hardhat-wallet3 (...2266): ETH 9999.999671202169303 +0.000070174397062
[2026-04-27T03:51:00.221Z] ========================================
[2026-04-27T03:51:00.222Z] 
[1;97m=== TRANSFER PLAN ===
[2026-04-27T03:51:00.222Z] hardhat-wallet2 (...79C8) to: hardhat-wallet1 (...93BC) amount: ETH 2499.999992988605456
[2026-04-27T03:51:00.222Z] ========================================
[2026-04-27T03:51:00.222Z] 
[1;97m=== EXECUTION ===
[2026-04-27T03:51:00.223Z] 
executing: Sending 2499.999992988605456 ETH...
[2026-04-27T03:51:00.304Z] executing: Tx sent: 0x034dccc61a9dc0f654482b04610c4692587092326746c2e7a044d54946c458c0
[2026-04-27T03:51:00.318Z] executing: ✅ Confirmed
[2026-04-27T03:51:00.318Z] ========================================
[2026-04-27T03:51:00.331Z] 
[1;97m=== FINAL BALANCES ===
[2026-04-27T03:51:00.331Z] hardhat-wallet1 (...93BC): ETH 9999.999530853375179
[2026-04-27T03:51:00.331Z] hardhat-wallet2 (...79C8): ETH 9999.999580004501889
[2026-04-27T03:51:00.331Z] hardhat-wallet3 (...2266): ETH 9999.999671202169303
[2026-04-27T03:51:00.331Z] total : ETH 29999.998782060046371
[2026-04-27T03:51:00.331Z] ========================================
[2026-04-27T03:53:21.717Z] 
[1;97m=== STARTING WALLET REBALANCER ===
[2026-04-27T03:53:21.745Z] Current estimated gas fee: 0.000021020363595 ETH per transaction.
[2026-04-27T03:53:23.102Z] 
[1;97m=== CURRENT BALANCES ===
[2026-04-27T03:53:23.102Z] hardhat-wallet1 (...93BC): ETH 9999.999530853375179
[2026-04-27T03:53:23.102Z] hardhat-wallet2 (...79C8): ETH 9999.999580004501889
[2026-04-27T03:53:23.102Z] hardhat-wallet3 (...2266): ETH 9999.999671202169303
[2026-04-27T03:53:23.103Z] total : ETH 29999.998782060046371
[2026-04-27T03:53:23.103Z] ========================================
[2026-04-27T03:53:23.103Z] 
[1;97m=== REBALANCE RESULT ===
[2026-04-27T03:53:23.103Z] hardhat-wallet1 (...93BC): ETH 9999.999530853375179 -0.000063166640278
[2026-04-27T03:53:23.103Z] hardhat-wallet2 (...79C8): ETH 9999.999580004501889 -0.000014015513568
[2026-04-27T03:53:23.103Z] hardhat-wallet3 (...2266): ETH 9999.999671202169303 +0.000077182153846
[2026-04-27T03:53:23.103Z] ========================================
[2026-04-27T03:53:23.104Z] 
[1;97m=== TRANSFER PLAN ===
[2026-04-27T03:53:23.104Z] ========================================
[2026-04-27T03:53:23.104Z] 
[1;97m=== EXECUTION ===
[2026-04-27T03:53:23.104Z] ========================================
[2026-04-27T03:53:23.116Z] 
[1;97m=== FINAL BALANCES ===
[2026-04-27T03:53:23.116Z] hardhat-wallet1 (...93BC): ETH 9999.999530853375179
[2026-04-27T03:53:23.116Z] hardhat-wallet2 (...79C8): ETH 9999.999580004501889
[2026-04-27T03:53:23.116Z] hardhat-wallet3 (...2266): ETH 9999.999671202169303
[2026-04-27T03:53:23.116Z] total : ETH 29999.998782060046371
[2026-04-27T03:53:23.116Z] ========================================
[2026-04-27T03:53:23.116Z] 
[1;97m=== REBALANCER FINISHED ===
[2026-04-27T03:54:52.416Z] 
[1;97m= STARTING WALLET REBALANCER =
[2026-04-27T03:54:52.448Z] Current estimated gas fee: 0.000021020363595 ETH per transaction.
[2026-04-27T03:54:53.921Z] 
[1;97m====== CURRENT BALANCES ======
[2026-04-27T03:54:53.922Z] hardhat-wallet1 (...93BC): ETH 9999.999530853375179
[2026-04-27T03:54:53.922Z] hardhat-wallet2 (...79C8): ETH 9999.999580004501889
[2026-04-27T03:54:53.922Z] hardhat-wallet3 (...2266): ETH 9999.999671202169303
[2026-04-27T03:54:53.922Z] total : ETH 29999.998782060046371
[2026-04-27T03:54:53.923Z] [1;97m==============================
[2026-04-27T03:54:53.923Z] 
[1;97m====== REBALANCE RESULT ======
[2026-04-27T03:54:53.923Z] hardhat-wallet1 (...93BC): ETH 9999.999530853375179 -0.000063166640278
[2026-04-27T03:54:53.923Z] hardhat-wallet2 (...79C8): ETH 9999.999580004501889 -0.000014015513568
[2026-04-27T03:54:53.923Z] hardhat-wallet3 (...2266): ETH 9999.999671202169303 +0.000077182153846
[2026-04-27T03:54:53.923Z] [1;97m==============================
[2026-04-27T03:54:53.924Z] 
[1;97m======= TRANSFER PLAN ========
[2026-04-27T03:54:53.924Z] [1;97m==============================
[2026-04-27T03:54:53.924Z] 
[1;97m=== EXECUTION ===
[2026-04-27T03:54:53.924Z] ========================================
[2026-04-27T03:54:53.938Z] 
[1;97m======= FINAL BALANCES =======
[2026-04-27T03:54:53.938Z] hardhat-wallet1 (...93BC): ETH 9999.999530853375179
[2026-04-27T03:54:53.938Z] hardhat-wallet2 (...79C8): ETH 9999.999580004501889
[2026-04-27T03:54:53.938Z] hardhat-wallet3 (...2266): ETH 9999.999671202169303
[2026-04-27T03:54:53.938Z] total : ETH 29999.998782060046371
[2026-04-27T03:54:53.938Z] [1;97m==============================
[2026-04-27T03:54:53.939Z] 
[1;97m==== REBALANCER FINISHED =====
[2026-04-27T03:55:05.090Z] 
[1;97m= STARTING WALLET REBALANCER =
[2026-04-27T03:55:05.117Z] Current estimated gas fee: 0.000021020363595 ETH per transaction.
[2026-04-27T03:55:06.619Z] 
[1;97m====== CURRENT BALANCES ======
[2026-04-27T03:55:06.619Z] hardhat-wallet1 (...93BC): ETH 9999.999530853375179
[2026-04-27T03:55:06.619Z] hardhat-wallet2 (...79C8): ETH 9999.999580004501889
[2026-04-27T03:55:06.619Z] hardhat-wallet3 (...2266): ETH 9999.999671202169303
[2026-04-27T03:55:06.619Z] total : ETH 29999.998782060046371
[2026-04-27T03:55:06.620Z] [1;97m==============================
[2026-04-27T03:55:06.620Z] 
[1;97m====== REBALANCE RESULT ======
[2026-04-27T03:55:06.620Z] hardhat-wallet1 (...93BC): ETH 9999.999530853375179 -0.000063166640278
[2026-04-27T03:55:06.620Z] hardhat-wallet2 (...79C8): ETH 9999.999580004501889 -0.000014015513568
[2026-04-27T03:55:06.620Z] hardhat-wallet3 (...2266): ETH 9999.999671202169303 +0.000077182153846
[2026-04-27T03:55:06.620Z] [1;97m==============================
[2026-04-27T03:55:06.621Z] 
[1;97m======= TRANSFER PLAN ========
[2026-04-27T03:55:06.621Z] [1;97m==============================
[2026-04-27T03:55:06.621Z] 
[1;97m========= EXECUTION ==========
[2026-04-27T03:55:06.621Z] [1;97m==============================
[2026-04-27T03:55:06.634Z] 
[1;97m======= FINAL BALANCES =======
[2026-04-27T03:55:06.634Z] hardhat-wallet1 (...93BC): ETH 9999.999530853375179
[2026-04-27T03:55:06.634Z] hardhat-wallet2 (...79C8): ETH 9999.999580004501889
[2026-04-27T03:55:06.634Z] hardhat-wallet3 (...2266): ETH 9999.999671202169303
[2026-04-27T03:55:06.634Z] total : ETH 29999.998782060046371
[2026-04-27T03:55:06.634Z] [1;97m==============================
[2026-04-27T03:55:06.634Z] 
[1;97m==== REBALANCER FINISHED =====
[2026-04-27T03:56:50.541Z] 
[1;97m====== INITIAL BALANCES ======
[2026-04-27T03:56:50.542Z] hardhat-wallet1 (...93BC): ETH 9999.999530853375179
[2026-04-27T03:56:50.542Z] hardhat-wallet2 (...79C8): ETH 9999.999580004501889
[2026-04-27T03:56:50.542Z] hardhat-wallet3 (...2266): ETH 9999.999671202169303
[2026-04-27T03:56:50.543Z] total : ETH 29999.998782060046371
[2026-04-27T03:56:50.543Z] [1;97m==============================
[2026-04-27T03:56:50.543Z] 
simulation: creating imbalance
[2026-04-27T03:56:50.668Z] 
[1;97m== POST-IMBALANCE BALANCES ===
[2026-04-27T03:56:50.668Z] hardhat-wallet1 (...93BC): ETH 7499.999509833011584
[2026-04-27T03:56:50.668Z] hardhat-wallet2 (...79C8): ETH 12499.999580004501889
[2026-04-27T03:56:50.668Z] hardhat-wallet3 (...2266): ETH 9999.999671202169303
[2026-04-27T03:56:50.669Z] total : ETH 29999.998761039682776
[2026-04-27T03:56:50.669Z] [1;97m==============================
[2026-04-27T03:56:50.669Z] 
[1;97m====== REBALANCE RESULT ======
[2026-04-27T03:56:50.669Z] hardhat-wallet1 (...93BC): ETH 7499.999509833011584 -2500.000077180216008
[2026-04-27T03:56:50.669Z] hardhat-wallet2 (...79C8): ETH 12499.999580004501889 +2499.999992991274297
[2026-04-27T03:56:50.669Z] hardhat-wallet3 (...2266): ETH 9999.999671202169303 +0.000084188941711
[2026-04-27T03:56:50.669Z] [1;97m==============================
[2026-04-27T03:56:50.670Z] 
[1;97m======= TRANSFER PLAN ========
[2026-04-27T03:56:50.670Z] hardhat-wallet2 (...79C8) to: hardhat-wallet1 (...93BC) amount: ETH 2499.999992991274297
[2026-04-27T03:56:50.670Z] [1;97m==============================
[2026-04-27T03:56:50.670Z] 
[1;97m========= EXECUTION ==========
[2026-04-27T03:56:50.671Z] 
executing: Sending 2499.999992991274297 ETH...
[2026-04-27T03:56:50.746Z] executing: Tx sent: 0x0b6c878c83e141dfcf86c765872d7bd04aa9dadefa4919331993f4c90a9df0ba
[2026-04-27T03:56:50.758Z] executing: ✅ Confirmed
[2026-04-27T03:56:50.758Z] [1;97m==============================
[2026-04-27T03:56:50.770Z] 
[1;97m======= FINAL BALANCES =======
[2026-04-27T03:56:50.771Z] hardhat-wallet1 (...93BC): ETH 9999.999502824285881
[2026-04-27T03:56:50.771Z] hardhat-wallet2 (...79C8): ETH 9999.999565995407664
[2026-04-27T03:56:50.771Z] hardhat-wallet3 (...2266): ETH 9999.999671202169303
[2026-04-27T03:56:50.771Z] total : ETH 29999.998740021862848
[2026-04-27T03:56:50.771Z] [1;97m==============================
[2026-04-27T03:57:30.167Z] 
[1;97m= STARTING WALLET REBALANCER =
[2026-04-27T03:57:30.196Z] Current estimated gas fee: 0.000021015594012 ETH per transaction.
[2026-04-27T03:57:31.606Z] 
[1;97m====== CURRENT BALANCES ======
[2026-04-27T03:57:31.607Z] hardhat-wallet1 (...93BC): ETH 9999.999502824285881
[2026-04-27T03:57:31.607Z] hardhat-wallet2 (...79C8): ETH 9999.999565995407664
[2026-04-27T03:57:31.607Z] hardhat-wallet3 (...2266): ETH 9999.999671202169303
[2026-04-27T03:57:31.607Z] total : ETH 29999.998740021862848
[2026-04-27T03:57:31.607Z] [1;97m==============================
[2026-04-27T03:57:31.608Z] 
[1;97m====== REBALANCE RESULT ======
[2026-04-27T03:57:31.608Z] hardhat-wallet1 (...93BC): ETH 9999.999502824285881 -0.000077183001735
[2026-04-27T03:57:31.608Z] hardhat-wallet2 (...79C8): ETH 9999.999565995407664 -0.000014011879952
[2026-04-27T03:57:31.608Z] hardhat-wallet3 (...2266): ETH 9999.999671202169303 +0.000091194881687
[2026-04-27T03:57:31.608Z] [1;97m==============================
[2026-04-27T03:57:31.608Z] 
[1;97m======= TRANSFER PLAN ========
[2026-04-27T03:57:31.608Z] No transfer required.
[2026-04-27T03:57:31.608Z] [1;97m==============================
[2026-04-27T03:57:31.608Z] 
[1;97m========= EXECUTION ==========
[2026-04-27T03:57:31.608Z] No executions required.
[2026-04-27T03:57:31.608Z] [1;97m==============================
[2026-04-27T03:57:31.622Z] 
[1;97m======= FINAL BALANCES =======
[2026-04-27T03:57:31.622Z] hardhat-wallet1 (...93BC): ETH 9999.999502824285881
[2026-04-27T03:57:31.622Z] hardhat-wallet2 (...79C8): ETH 9999.999565995407664
[2026-04-27T03:57:31.622Z] hardhat-wallet3 (...2266): ETH 9999.999671202169303
[2026-04-27T03:57:31.622Z] total : ETH 29999.998740021862848
[2026-04-27T03:57:31.622Z] [1;97m==============================
[2026-04-27T03:57:31.622Z] 
[1;97m==== REBALANCER FINISHED =====
[2026-04-27T03:57:38.952Z] 
[1;97m= STARTING WALLET REBALANCER =
[2026-04-27T03:57:38.981Z] Current estimated gas fee: 0.000021015594012 ETH per transaction.
[2026-04-27T03:57:40.367Z] 
[1;97m====== CURRENT BALANCES ======
[2026-04-27T03:57:40.368Z] hardhat-wallet1 (...93BC): ETH 9999.999502824285881
[2026-04-27T03:57:40.368Z] hardhat-wallet2 (...79C8): ETH 9999.999565995407664
[2026-04-27T03:57:40.368Z] hardhat-wallet3 (...2266): ETH 9999.999671202169303
[2026-04-27T03:57:40.368Z] total : ETH 29999.998740021862848
[2026-04-27T03:57:40.368Z] [1;97m==============================
[2026-04-27T03:57:40.369Z] 
[1;97m====== REBALANCE RESULT ======
[2026-04-27T03:57:40.369Z] hardhat-wallet1 (...93BC): ETH 9999.999502824285881 -0.000077183001735
[2026-04-27T03:57:40.369Z] hardhat-wallet2 (...79C8): ETH 9999.999565995407664 -0.000014011879952
[2026-04-27T03:57:40.369Z] hardhat-wallet3 (...2266): ETH 9999.999671202169303 +0.000091194881687
[2026-04-27T03:57:40.369Z] [1;97m==============================
[2026-04-27T03:57:40.370Z] 
[1;97m======= TRANSFER PLAN ========
[2026-04-27T03:57:40.370Z] No transfer required.
[2026-04-27T03:57:40.370Z] [1;97m==============================
[2026-04-27T03:57:40.370Z] 
[1;97m========= EXECUTION ==========
[2026-04-27T03:57:40.370Z] No executions required.
[2026-04-27T03:57:40.370Z] [1;97m==============================
[2026-04-27T03:57:40.382Z] 
[1;97m======= FINAL BALANCES =======
[2026-04-27T03:57:40.383Z] hardhat-wallet1 (...93BC): ETH 9999.999502824285881
[2026-04-27T03:57:40.383Z] hardhat-wallet2 (...79C8): ETH 9999.999565995407664
[2026-04-27T03:57:40.383Z] hardhat-wallet3 (...2266): ETH 9999.999671202169303
[2026-04-27T03:57:40.383Z] total : ETH 29999.998740021862848
[2026-04-27T03:57:40.383Z] [1;97m==============================
[2026-04-27T03:57:40.383Z] 
[1;97m==== REBALANCER FINISHED =====
[2026-04-27T03:58:21.075Z] 
[1;97m====== INITIAL BALANCES ======
[2026-04-27T03:58:21.076Z] hardhat-wallet1 (...93BC): ETH 9999.999502824285881
[2026-04-27T03:58:21.076Z] hardhat-wallet2 (...79C8): ETH 9999.999565995407664
[2026-04-27T03:58:21.076Z] hardhat-wallet3 (...2266): ETH 9999.999671202169303
[2026-04-27T03:58:21.076Z] total : ETH 29999.998740021862848
[2026-04-27T03:58:21.076Z] [1;97m==============================
[2026-04-27T03:58:21.077Z] 
simulation: creating imbalance
[2026-04-27T03:58:21.190Z] 
[1;97m== POST-IMBALANCE BALANCES ===
[2026-04-27T03:58:21.190Z] hardhat-wallet1 (...93BC): ETH 7499.999481808691869
[2026-04-27T03:58:21.190Z] hardhat-wallet2 (...79C8): ETH 12499.999565995407664
[2026-04-27T03:58:21.190Z] hardhat-wallet3 (...2266): ETH 9999.999671202169303
[2026-04-27T03:58:21.190Z] total : ETH 29999.998719006268836
[2026-04-27T03:58:21.190Z] [1;97m==============================
[2026-04-27T03:58:21.190Z] 
[1;97m====== REBALANCE RESULT ======
[2026-04-27T03:58:21.191Z] hardhat-wallet1 (...93BC): ETH 7499.999481808691869 -2500.000091193397743
[2026-04-27T03:58:21.191Z] hardhat-wallet2 (...79C8): ETH 12499.999565995407664 +2499.999992993318052
[2026-04-27T03:58:21.191Z] hardhat-wallet3 (...2266): ETH 9999.999671202169303 +0.000098200079691
[2026-04-27T03:58:21.191Z] [1;97m==============================
[2026-04-27T03:58:21.191Z] 
[1;97m======= TRANSFER PLAN ========
[2026-04-27T03:58:21.191Z] hardhat-wallet2 (...79C8) to: hardhat-wallet1 (...93BC) amount: ETH 2499.999992993318052
[2026-04-27T03:58:21.191Z] [1;97m==============================
[2026-04-27T03:58:21.191Z] 
[1;97m========= EXECUTION ==========
[2026-04-27T03:58:21.192Z] 
executing: Sending 2499.999992993318052 ETH...
[2026-04-27T03:58:21.281Z] executing: Tx sent: 0x82b1870ed8c95ab0ee7d942bea803fe4c4613f808548d0ce615078c1686e8341
[2026-04-27T03:58:21.296Z] executing: ✅ Confirmed
[2026-04-27T03:58:21.296Z] [1;97m==============================
[2026-04-27T03:58:21.309Z] 
[1;97m======= FINAL BALANCES =======
[2026-04-27T03:58:21.309Z] hardhat-wallet1 (...93BC): ETH 9999.999474802009921
[2026-04-27T03:58:21.309Z] hardhat-wallet2 (...79C8): ETH 9999.999551988443476
[2026-04-27T03:58:21.309Z] hardhat-wallet3 (...2266): ETH 9999.999671202169303
[2026-04-27T03:58:21.309Z] total : ETH 29999.9986979926227
[2026-04-27T03:58:21.309Z] [1;97m==============================
[2026-04-27T03:59:26.513Z] 
[1;97m====== INITIAL BALANCES ======
[2026-04-27T03:59:26.514Z] hardhat-wallet1 (...93BC): ETH 9999.999474802009921
[2026-04-27T03:59:26.514Z] hardhat-wallet2 (...79C8): ETH 9999.999551988443476
[2026-04-27T03:59:26.514Z] hardhat-wallet3 (...2266): ETH 9999.999671202169303
[2026-04-27T03:59:26.514Z] total : ETH 29999.9986979926227
[2026-04-27T03:59:26.514Z] [1;97m==============================
[2026-04-27T03:59:26.515Z] 
simulation: creating imbalance
[2026-04-27T03:59:26.642Z] 
[1;97m== POST-IMBALANCE BALANCES ===
[2026-04-27T03:59:26.643Z] hardhat-wallet1 (...93BC): ETH 7499.999453790068355
[2026-04-27T03:59:26.643Z] hardhat-wallet2 (...79C8): ETH 12499.999551988443476
[2026-04-27T03:59:26.644Z] hardhat-wallet3 (...2266): ETH 9999.999671202169303
[2026-04-27T03:59:26.644Z] total : ETH 29999.998676980681134
[2026-04-27T03:59:26.644Z] [1;97m==============================
[2026-04-27T03:59:26.645Z] 
[1;97m====== REBALANCE RESULT ======
[2026-04-27T03:59:26.645Z] hardhat-wallet1 (...93BC): ETH 7499.999453790068355 -2500.000105203492023
[2026-04-27T03:59:26.645Z] hardhat-wallet2 (...79C8): ETH 12499.999551988443476 +2499.999992994883098
[2026-04-27T03:59:26.646Z] hardhat-wallet3 (...2266): ETH 9999.999671202169303 +0.000112208608925
[2026-04-27T03:59:26.646Z] [1;97m==============================
[2026-04-27T03:59:26.647Z] 
[1;97m======= TRANSFER PLAN ========
[2026-04-27T03:59:26.647Z] hardhat-wallet2 (...79C8) to: hardhat-wallet1 (...93BC) amount: ETH 2499.999992994883098
[2026-04-27T03:59:26.647Z] [1;97m==============================
[2026-04-27T03:59:26.647Z] 
[1;97m========= EXECUTION ==========
[2026-04-27T03:59:26.648Z] 
executing: Sending 2499.999992994883098 ETH...
[2026-04-27T03:59:26.746Z] executing: Tx sent: 0x69fe681641892ff3f682e120903ffbf0edbe24d2b303ba4fbdaf5257d54a3390
[2026-04-27T03:59:26.759Z] executing: ✅ Confirmed
[2026-04-27T03:59:26.759Z] [1;97m==============================
[2026-04-27T03:59:26.772Z] 
[1;97m======= FINAL BALANCES =======
[2026-04-27T03:59:26.773Z] hardhat-wallet1 (...93BC): ETH 9999.999446784951453
[2026-04-27T03:59:26.773Z] hardhat-wallet2 (...79C8): ETH 9999.999537983110442
[2026-04-27T03:59:26.773Z] hardhat-wallet3 (...2266): ETH 9999.999671202169303
[2026-04-27T03:59:26.773Z] total : ETH 29999.998655970231198
[2026-04-27T03:59:26.773Z] [1;97m==============================
[2026-04-27T04:00:53.155Z] 
[1;97m====== INITIAL BALANCES ======
[2026-04-27T04:00:53.157Z] [1;93mhardhat-wallet1 (...93BC): ETH 9999.999446784951453
[2026-04-27T04:00:53.157Z] [1;93mhardhat-wallet2 (...79C8): ETH 9999.999537983110442
[2026-04-27T04:00:53.157Z] [1;93mhardhat-wallet3 (...2266): ETH 9999.999671202169303
[2026-04-27T04:00:53.157Z] [1;93mtotal : ETH 29999.998655970231198
[2026-04-27T04:00:53.157Z] [1;97m==============================
[2026-04-27T04:00:53.157Z] 
simulation: creating imbalance
[2026-04-27T04:00:53.277Z] 
[1;97m== POST-IMBALANCE BALANCES ===
[2026-04-27T04:00:53.278Z] [1;93mhardhat-wallet1 (...93BC): ETH 7499.999425775806835
[2026-04-27T04:00:53.278Z] [1;93mhardhat-wallet2 (...79C8): ETH 12499.999537983110442
[2026-04-27T04:00:53.278Z] [1;93mhardhat-wallet3 (...2266): ETH 9999.999671202169303
[2026-04-27T04:00:53.278Z] [1;93mtotal : ETH 29999.99863496108658
[2026-04-27T04:00:53.278Z] [1;97m==============================
[2026-04-27T04:00:53.279Z] 
[1;97m====== REBALANCE RESULT ======
[2026-04-27T04:00:53.279Z] [1;93mhardhat-wallet1 (...93BC): ETH 7499.999425775806835 -2500.000119211222025
[2026-04-27T04:00:53.279Z] [1;93mhardhat-wallet2 (...79C8): ETH 12499.999537983110442 +2499.999992996081582
[2026-04-27T04:00:53.279Z] [1;93mhardhat-wallet3 (...2266): ETH 9999.999671202169303 +0.000126215140443
[2026-04-27T04:00:53.279Z] [1;97m==============================
[2026-04-27T04:00:53.280Z] 
[1;97m======= TRANSFER PLAN ========
[2026-04-27T04:00:53.280Z] [1;93mhardhat-wallet2 (...79C8) to: [1;93mhardhat-wallet1 (...93BC) amount: ETH 2499.999992996081582
[2026-04-27T04:00:53.280Z] [1;97m==============================
[2026-04-27T04:00:53.280Z] 
[1;97m========= EXECUTION ==========
[2026-04-27T04:00:53.281Z] 
[1;91mexecuting: Sending 2499.999992996081582 ETH...
[2026-04-27T04:00:53.360Z] [1;91mexecuting: Tx sent: 0xec3f34a9b6c16bf8874262c4712a8c0a47710db0930367f9c5f09406413c8373
[2026-04-27T04:00:53.374Z] [1;91mexecuting: ✅ Confirmed
[2026-04-27T04:00:53.374Z] [1;97m==============================
[2026-04-27T04:00:53.386Z] 
[1;97m======= FINAL BALANCES =======
[2026-04-27T04:00:53.386Z] [1;93mhardhat-wallet1 (...93BC): ETH 9999.999418771888417
[2026-04-27T04:00:53.386Z] [1;93mhardhat-wallet2 (...79C8): ETH 9999.999523979026516
[2026-04-27T04:00:53.386Z] [1;93mhardhat-wallet3 (...2266): ETH 9999.999671202169303
[2026-04-27T04:00:53.386Z] [1;93mtotal : ETH 29999.998613953084236
[2026-04-27T04:00:53.386Z] [1;97m==============================
[2026-04-27T04:00:56.850Z] 
[1;97m= STARTING WALLET REBALANCER =
[2026-04-27T04:00:56.879Z] Current estimated gas fee: 0.000021007002765 ETH per transaction.
[2026-04-27T04:00:58.300Z] 
[1;97m====== CURRENT BALANCES ======
[2026-04-27T04:00:58.301Z] [1;93mhardhat-wallet1 (...93BC): ETH 9999.999418771888417
[2026-04-27T04:00:58.301Z] [1;93mhardhat-wallet2 (...79C8): ETH 9999.999523979026516
[2026-04-27T04:00:58.301Z] [1;93mhardhat-wallet3 (...2266): ETH 9999.999671202169303
[2026-04-27T04:00:58.301Z] [1;93mtotal : ETH 29999.998613953084236
[2026-04-27T04:00:58.301Z] [1;97m==============================
[2026-04-27T04:00:58.301Z] 
[1;97m====== REBALANCE RESULT ======
[2026-04-27T04:00:58.302Z] [1;93mhardhat-wallet1 (...93BC): ETH 9999.999418771888417 -0.000119212472995
[2026-04-27T04:00:58.302Z] [1;93mhardhat-wallet2 (...79C8): ETH 9999.999523979026516 -0.000014005334896
[2026-04-27T04:00:58.302Z] [1;93mhardhat-wallet3 (...2266): ETH 9999.999671202169303 +0.000133217807891
[2026-04-27T04:00:58.302Z] [1;97m==============================
[2026-04-27T04:00:58.302Z] 
[1;97m======= TRANSFER PLAN ========
[2026-04-27T04:00:58.302Z] No transfer required.
[2026-04-27T04:00:58.302Z] [1;97m==============================
[2026-04-27T04:00:58.302Z] 
[1;97m========= EXECUTION ==========
[2026-04-27T04:00:58.302Z] No executions required.
[2026-04-27T04:00:58.302Z] [1;97m==============================
[2026-04-27T04:00:58.314Z] 
[1;97m======= FINAL BALANCES =======
[2026-04-27T04:00:58.314Z] [1;93mhardhat-wallet1 (...93BC): ETH 9999.999418771888417
[2026-04-27T04:00:58.314Z] [1;93mhardhat-wallet2 (...79C8): ETH 9999.999523979026516
[2026-04-27T04:00:58.314Z] [1;93mhardhat-wallet3 (...2266): ETH 9999.999671202169303
[2026-04-27T04:00:58.314Z] [1;93mtotal : ETH 29999.998613953084236
[2026-04-27T04:00:58.314Z] [1;97m==============================
[2026-04-27T04:00:58.315Z] 
[1;97m==== REBALANCER FINISHED =====
[2026-04-27T04:04:18.921Z] 
[1;97m= STARTING WALLET REBALANCER =
[2026-04-27T04:04:18.948Z] Current estimated gas fee: 0.000021007002765 ETH per transaction.
[2026-04-27T04:04:20.323Z] 
[1;97m====== CURRENT BALANCES ======
[2026-04-27T04:04:20.323Z] [1;93mhardhat-wallet1 (...93BC): ETH 9999.999418771888417
[2026-04-27T04:04:20.323Z] [1;93mhardhat-wallet2 (...79C8): ETH 9999.999523979026516
[2026-04-27T04:04:20.324Z] [1;93mhardhat-wallet3 (...2266): ETH 9999.999671202169303
[2026-04-27T04:04:20.324Z] [1;93mtotal : ETH 29999.998613953084236
[2026-04-27T04:04:20.324Z] [1;97m==============================
[2026-04-27T04:04:20.324Z] 
[1;97m====== REBALANCE RESULT ======
[2026-04-27T04:04:20.324Z] [1;93mhardhat-wallet1 (...93BC): ETH 9999.999418771888417 -0.000119212472995
[2026-04-27T04:04:20.324Z] [1;93mhardhat-wallet2 (...79C8): ETH 9999.999523979026516 -0.000014005334896
[2026-04-27T04:04:20.325Z] [1;93mhardhat-wallet3 (...2266): ETH 9999.999671202169303 +0.000133217807891
[2026-04-27T04:04:20.325Z] [1;97m==============================
[2026-04-27T04:04:20.325Z] 
[1;97m======= TRANSFER PLAN ========
[2026-04-27T04:04:20.325Z] No transfer required.
[2026-04-27T04:04:20.325Z] [1;97m==============================
[2026-04-27T04:04:20.325Z] 
⚠️ Dry run only. No transactions executed.
[2026-04-27T04:04:20.337Z] 
[1;97m======= FINAL BALANCES =======
[2026-04-27T04:04:20.338Z] [1;93mhardhat-wallet1 (...93BC): ETH 9999.999418771888417
[2026-04-27T04:04:20.338Z] [1;93mhardhat-wallet2 (...79C8): ETH 9999.999523979026516
[2026-04-27T04:04:20.338Z] [1;93mhardhat-wallet3 (...2266): ETH 9999.999671202169303
[2026-04-27T04:04:20.338Z] [1;93mtotal : ETH 29999.998613953084236
[2026-04-27T04:04:20.338Z] [1;97m==============================
[2026-04-27T04:04:20.338Z] 
[1;97m==== REBALANCER FINISHED =====
[2026-04-27T04:19:25.017Z] 
[1;97m====== INITIAL BALANCES ======
[2026-04-27T04:19:25.018Z] [1;93mhardhat-wallet1 (...93BC): ETH 9999.999418771888417
[2026-04-27T04:19:25.018Z] [1;93mhardhat-wallet2 (...79C8): ETH 9999.999523979026516
[2026-04-27T04:19:25.018Z] [1;93mhardhat-wallet3 (...2266): ETH 9999.999671202169303
[2026-04-27T04:19:25.018Z] [1;93mtotal : ETH 29999.998613953084236
[2026-04-27T04:19:25.019Z] [1;97m==============================
[2026-04-27T04:19:25.019Z] 
simulation: creating imbalance
[2026-04-27T04:19:25.156Z] 
[1;97m== POST-IMBALANCE BALANCES ===
[2026-04-27T04:19:25.157Z] [1;93mhardhat-wallet1 (...93BC): ETH 7499.999397764885652
[2026-04-27T04:19:25.157Z] [1;93mhardhat-wallet2 (...79C8): ETH 12499.999523979026516
[2026-04-27T04:19:25.157Z] [1;93mhardhat-wallet3 (...2266): ETH 9999.999671202169303
[2026-04-27T04:19:25.157Z] [1;93mtotal : ETH 29999.998592946081471
[2026-04-27T04:19:25.157Z] [1;97m==============================
[2026-04-27T04:19:25.157Z] 
[1;97m====== REBALANCE RESULT ======
[2026-04-27T04:19:25.158Z] [1;93mhardhat-wallet1 (...93BC): ETH 7499.999397764885652 -2500.000133217141505
[2026-04-27T04:19:25.160Z] [1;93mhardhat-wallet2 (...79C8): ETH 12499.999523979026516 +2499.999992996999359
[2026-04-27T04:19:25.160Z] [1;93mhardhat-wallet3 (...2266): ETH 9999.999671202169303 +0.000140220142146
[2026-04-27T04:19:25.160Z] [1;97m==============================
[2026-04-27T04:19:25.161Z] 
[1;97m======= TRANSFER PLAN ========
[2026-04-27T04:19:25.161Z] [1;93mhardhat-wallet2 (...79C8) to: [1;93mhardhat-wallet1 (...93BC) amount: ETH 2499.999992996999359
[2026-04-27T04:19:25.161Z] [1;97m==============================
[2026-04-27T04:19:25.161Z] 
[1;97m========= EXECUTION ==========
[2026-04-27T04:19:25.162Z] 
[1;91mexecuting: Sending 2499.999992996999359 ETH...
[2026-04-27T04:19:25.248Z] [1;91mexecuting: Tx sent: 0xb2473168f1db752d26bfde846552497eab98bc3fe4aa3aab362d4472ba1c7b0a
[2026-04-27T04:19:25.260Z] [1;91mexecuting: ✅ Confirmed
[2026-04-27T04:19:25.260Z] [1;97m==============================
[2026-04-27T04:19:25.272Z] 
[1;97m======= FINAL BALANCES =======
[2026-04-27T04:19:25.272Z] [1;93mhardhat-wallet1 (...93BC): ETH 9999.999390761885011
[2026-04-27T04:19:25.272Z] [1;93mhardhat-wallet2 (...79C8): ETH 9999.999509975899105
[2026-04-27T04:19:25.272Z] [1;93mhardhat-wallet3 (...2266): ETH 9999.999671202169303
[2026-04-27T04:19:25.272Z] [1;93mtotal : ETH 29999.998571939953419
[2026-04-27T04:19:25.272Z] [1;97m==============================
[2026-04-27T04:19:40.658Z] 
[1;97m= STARTING WALLET REBALANCER =
[2026-04-27T04:19:40.683Z] Current estimated gas fee: 0.000021005362602 ETH per transaction.
[2026-04-27T04:19:42.164Z] 
[1;97m====== CURRENT BALANCES ======
[2026-04-27T04:19:42.164Z] [1;93mhardhat-wallet1 (...93BC): ETH 9999.999390761885011
[2026-04-27T04:19:42.164Z] [1;93mhardhat-wallet2 (...79C8): ETH 9999.999509975899105
[2026-04-27T04:19:42.164Z] [1;93mhardhat-wallet3 (...2266): ETH 9999.999671202169303
[2026-04-27T04:19:42.165Z] [1;93mtotal : ETH 29999.998571939953419
[2026-04-27T04:19:42.165Z] [1;97m==============================
[2026-04-27T04:19:42.165Z] 
[1;97m====== REBALANCE RESULT ======
[2026-04-27T04:19:42.165Z] [1;93mhardhat-wallet1 (...93BC): ETH 9999.999390761885011 -0.000133218099462
[2026-04-27T04:19:42.165Z] [1;93mhardhat-wallet2 (...79C8): ETH 9999.999509975899105 -0.000014004085368
[2026-04-27T04:19:42.165Z] [1;93mhardhat-wallet3 (...2266): ETH 9999.999671202169303 +0.00014722218483
[2026-04-27T04:19:42.165Z] [1;97m==============================
[2026-04-27T04:19:42.166Z] 
[1;97m======= TRANSFER PLAN ========
[2026-04-27T04:19:42.166Z] No transfer required.
[2026-04-27T04:19:42.166Z] [1;97m==============================
[2026-04-27T04:19:42.166Z] 
⚠️ Dry run only. No transactions executed.
[2026-04-27T04:19:42.178Z] 
[1;97m======= FINAL BALANCES =======
[2026-04-27T04:19:42.178Z] [1;93mhardhat-wallet1 (...93BC): ETH 9999.999390761885011
[2026-04-27T04:19:42.178Z] [1;93mhardhat-wallet2 (...79C8): ETH 9999.999509975899105
[2026-04-27T04:19:42.178Z] [1;93mhardhat-wallet3 (...2266): ETH 9999.999671202169303
[2026-04-27T04:19:42.178Z] [1;93mtotal : ETH 29999.998571939953419
[2026-04-27T04:19:42.179Z] [1;97m==============================
[2026-04-27T04:19:42.179Z] 
[1;97m==== REBALANCER FINISHED =====
[2026-04-27T05:17:35.224Z] 
[1;97m====== INITIAL BALANCES ======
[2026-04-27T05:17:35.225Z] [1;93mhardhat-wallet1 (...93BC): ETH 10000.0
[2026-04-27T05:17:35.225Z] [1;93mhardhat-wallet2 (...79C8): ETH 10000.0
[2026-04-27T05:17:35.225Z] [1;93mhardhat-wallet3 (...2266): ETH 10000.0
[2026-04-27T05:17:35.225Z] [1;93mtotal : ETH 30000.0
[2026-04-27T05:17:35.225Z] [1;97m==============================
[2026-04-27T05:17:35.225Z] 
simulation: creating imbalance
[2026-04-27T05:17:35.346Z] 
[1;97m== POST-IMBALANCE BALANCES ===
[2026-04-27T05:17:35.346Z] [1;93mhardhat-wallet1 (...93BC): ETH 7499.999960625
[2026-04-27T05:17:35.346Z] [1;93mhardhat-wallet2 (...79C8): ETH 12500.0
[2026-04-27T05:17:35.347Z] [1;93mhardhat-wallet3 (...2266): ETH 10000.0
[2026-04-27T05:17:35.347Z] [1;93mtotal : ETH 29999.999960625
[2026-04-27T05:17:35.347Z] [1;97m==============================
[2026-04-27T05:17:35.347Z] 
[1;97m====== REBALANCE RESULT ======
[2026-04-27T05:17:35.347Z] [1;93mhardhat-wallet1 (...93BC): ETH 7499.999960625 -2500.00002625
[2026-04-27T05:17:35.347Z] [1;93mhardhat-wallet2 (...79C8): ETH 12500.0 +2500.000013125
[2026-04-27T05:17:35.347Z] [1;93mhardhat-wallet3 (...2266): ETH 10000.0 +0.000013125
[2026-04-27T05:17:35.347Z] [1;97m==============================
[2026-04-27T05:17:35.347Z] 
[1;97m======= TRANSFER PLAN ========
[2026-04-27T05:17:35.347Z] [1;93mhardhat-wallet2 (...79C8) to: [1;93mhardhat-wallet1 (...93BC) amount: ETH 2500.000013125
[2026-04-27T05:17:35.348Z] [1;97m==============================
[2026-04-27T05:17:35.348Z] 
[1;97m========= EXECUTION ==========
[2026-04-27T05:17:35.348Z] [1;93mwarning: max. number of transactions (0) reached. Aborting transaction execution.
[2026-04-27T05:17:35.348Z] [1;97m==============================
[2026-04-27T05:17:35.361Z] 
[1;97m======= FINAL BALANCES =======
[2026-04-27T05:17:35.361Z] [1;93mhardhat-wallet1 (...93BC): ETH 7499.999960625
[2026-04-27T05:17:35.361Z] [1;93mhardhat-wallet2 (...79C8): ETH 12500.0
[2026-04-27T05:17:35.361Z] [1;93mhardhat-wallet3 (...2266): ETH 10000.0
[2026-04-27T05:17:35.361Z] [1;93mtotal : ETH 29999.999960625
[2026-04-27T05:17:35.361Z] [1;97m==============================
